<?xml version="1.0" encoding="UTF-8"?>
<coverage generated="1675358839388" clover="3.2.0">
  <project timestamp="1675358839388" name="All files">
    <metrics statements="7" coveredstatements="6" conditionals="2" coveredconditionals="2" methods="1" coveredmethods="1" elements="10" coveredelements="9" complexity="0" loc="7" ncloc="7" packages="1" files="1" classes="1"/>
    <file name="signup.ts" path="D:\projects\clean-node-api\src\presentaiton\controllers\signup.ts">
      <metrics statements="7" coveredstatements="6" conditionals="2" coveredconditionals="2" methods="1" coveredmethods="1"/>
      <line num="2" count="1" type="stmt"/>
      <line num="3" count="1" type="stmt"/>
      <line num="5" count="2" type="cond" truecount="1" falsecount="0"/>
      <line num="6" count="1" type="stmt"/>
      <line num="11" count="1" type="cond" truecount="1" falsecount="0"/>
      <line num="12" count="1" type="stmt"/>
      <line num="18" count="0" type="stmt"/>
    </file>
  </project>
</coverage>
