TN:
SF:src\presentaiton\controllers\signup.ts
FN:9,(anonymous_0)
FN:13,(anonymous_1)
FNF:2
FNH:2
FNDA:7,(anonymous_0)
FNDA:7,(anonymous_1)
DA:2,1
DA:3,1
DA:7,1
DA:10,7
DA:14,7
DA:15,7
DA:16,7
DA:17,22
DA:18,4
DA:22,3
DA:23,2
DA:25,1
DA:30,1
LF:13
LH:13
BRDA:17,0,0,4
BRDA:23,1,0,1
BRF:2
BRH:2
end_of_record
TN:
SF:src\presentaiton\errors\invalid-param-error.ts
FN:2,(anonymous_0)
FNF:1
FNH:1
FNDA:2,(anonymous_0)
DA:1,1
DA:3,2
DA:4,2
LF:3
LH:3
BRF:0
BRH:0
end_of_record
TN:
SF:src\presentaiton\errors\missing-param-error.ts
FN:2,(anonymous_0)
FNF:1
FNH:1
FNDA:8,(anonymous_0)
DA:1,1
DA:3,8
DA:4,8
LF:3
LH:3
BRF:0
BRH:0
end_of_record
