TN:
SF:src\presentaiton\controllers\signup.ts
FN:10,(anonymous_0)
FN:14,(anonymous_1)
FNF:2
FNH:2
FNDA:7,(anonymous_0)
FNDA:7,(anonymous_1)
DA:2,1
DA:3,1
DA:6,1
DA:8,1
DA:11,7
DA:15,7
DA:16,7
DA:17,7
DA:18,22
DA:19,4
DA:23,3
DA:24,2
DA:26,1
DA:31,1
LF:14
LH:14
BRDA:18,0,0,4
BRDA:24,1,0,1
BRF:2
BRH:2
end_of_record
TN:
SF:src\presentaiton\errors\invalid-param-error.ts
FN:2,(anonymous_0)
FNF:1
FNH:1
FNDA:2,(anonymous_0)
DA:1,1
DA:3,2
DA:4,2
LF:3
LH:3
BRF:0
BRH:0
end_of_record
TN:
SF:src\presentaiton\errors\missing-param-error.ts
FN:2,(anonymous_0)
FNF:1
FNH:1
FNDA:8,(anonymous_0)
DA:1,1
DA:3,8
DA:4,8
LF:3
LH:3
BRF:0
BRH:0
end_of_record
